<?xml version="1.0" encoding="UTF-8"?>
<!-- Generated by org.testng.reporters.JUnitXMLReporter -->
<testsuite hostname="DESKTOP-15RQ365" failures="1" tests="3" name="Test" time="2.063" errors="0" timestamp="25 Jan 2023 00:37:05 GMT">
  <testcase classname="com.httpGetTest.GetCallTest" name="getTest" time="0.943"/>
  <testcase classname="com.httpGetTest.GetCallTest" name="getcallwithheader" time="0.176"/>
  <testcase classname="com.httpGetTest.GetCallTest" name="postcall" time="0.886">
    <failure type="java.io.IOException" message="Attempted read from closed stream.">
      <![CDATA[java.io.IOException: Attempted read from closed stream.
	at org.apache.http.impl.io.ContentLengthInputStream.read(ContentLengthInputStream.java:165)
	at org.apache.http.conn.EofSensorInputStream.read(EofSensorInputStream.java:135)
	at java.base/sun.nio.cs.StreamDecoder.readBytes(StreamDecoder.java:297)
	at java.base/sun.nio.cs.StreamDecoder.implRead(StreamDecoder.java:339)
	at java.base/sun.nio.cs.StreamDecoder.read(StreamDecoder.java:188)
	at java.base/java.io.InputStreamReader.read(InputStreamReader.java:181)
	at java.base/java.io.Reader.read(Reader.java:229)
	at org.apache.http.util.EntityUtils.toString(EntityUtils.java:227)
	at org.apache.http.util.EntityUtils.toString(EntityUtils.java:270)
	at org.apache.http.util.EntityUtils.toString(EntityUtils.java:290)
	at com.httpGet.PostCall.responsebody(PostCall.java:52)
	at com.httpGetTest.GetCallTest.postcall(GetCallTest.java:41)
	at org.apache.maven.surefire.testng.TestNGExecutor.run(TestNGExecutor.java:324)
	at org.apache.maven.surefire.testng.TestNGXmlTestSuite.execute(TestNGXmlTestSuite.java:74)
	at org.apache.maven.surefire.testng.TestNGProvider.invoke(TestNGProvider.java:123)
	at org.apache.maven.surefire.booter.ForkedBooter.runSuitesInProcess(ForkedBooter.java:456)
	at org.apache.maven.surefire.booter.ForkedBooter.execute(ForkedBooter.java:169)
	at org.apache.maven.surefire.booter.ForkedBooter.run(ForkedBooter.java:595)
	at org.apache.maven.surefire.booter.ForkedBooter.main(ForkedBooter.java:581)
... Removed 21 stack frames]]>
    </failure>
  </testcase> <!-- postcall -->
</testsuite> <!-- Test -->
