<?xml version="1.0" encoding="UTF-8"?>
<testsuite xmlns:xsi="http://www.w3.org/2001/XMLSchema-instance" xsi:noNamespaceSchemaLocation="https://maven.apache.org/surefire/maven-surefire-plugin/xsd/surefire-test-report-3.0.xsd" version="3.0" name="TestSuite" time="4.802" tests="3" errors="0" skipped="0" failures="1">
  <properties>
[...]
</properties>
  <testcase name="getTest" classname="com.httpGetTest.GetCallTest" time="0.961">
    <system-out><![CDATA[200
{"per_page":6,"total":12,"data":[{"last_name":"Lawson","id":7,"avatar":"https://reqres.in/img/faces/7-image.jpg","first_name":"Michael","email":"michael.lawson@reqres.in"},{"last_name":"Ferguson","id":8,"avatar":"https://reqres.in/img/faces/8-image.jpg","first_name":"Lindsay","email":"lindsay.ferguson@reqres.in"},{"last_name":"Funke","id":9,"avatar":"https://reqres.in/img/faces/9-image.jpg","first_name":"Tobias","email":"tobias.funke@reqres.in"},{"last_name":"Fields","id":10,"avatar":"https://reqres.in/img/faces/10-image.jpg","first_name":"Byron","email":"byron.fields@reqres.in"},{"last_name":"Edwards","id":11,"avatar":"https://reqres.in/img/faces/11-image.jpg","first_name":"George","email":"george.edwards@reqres.in"},{"last_name":"Howell","id":12,"avatar":"https://reqres.in/img/faces/12-image.jpg","first_name":"Rachel","email":"rachel.howell@reqres.in"}],"page":2,"total_pages":2,"support":{"text":"To keep ReqRes free, contributions towards server costs are appreciated!","url":"https://reqres.in/#support-heading"}}
Headers are------>Date and Wed, 25 Jan 2023 00:37:03 GMT
Headers are------>Content-Type and application/json; charset=utf-8
Headers are------>Transfer-Encoding and chunked
Headers are------>Connection and keep-alive
Headers are------>X-Powered-By and Express
Headers are------>Access-Control-Allow-Origin and *
Headers are------>Etag and W/"406-ut0vzoCuidvyMf8arZpMpJ6ZRDw"
Headers are------>Via and 1.1 vegur
Headers are------>Cache-Control and max-age=14400
Headers are------>CF-Cache-Status and HIT
Headers are------>Age and 1882
Headers are------>Report-To and {"endpoints":[{"url":"https:\/\/a.nel.cloudflare.com\/report\/v3?s=hfKd9kuAA3QvfdDMzRA0qhWbgDgwjbudAl%2BvxolAY2p1ExPQosFbDTAH3%2FfP4%2BVrtx8FIxNTX911AG%2BZ0mUuuIVRwPzNOKAVyPCoTQwBKf6BRkJQumr9w10HtA%3D%3D"}],"group":"cf-nel","max_age":604800}
Headers are------>NEL and {"success_fraction":0,"report_to":"cf-nel","max_age":604800}
Headers are------>Vary and Accept-Encoding
Headers are------>Server and cloudflare
Headers are------>CF-RAY and 78ecf0284cabc40e-EWR
]]></system-out>
  </testcase>
  <testcase name="getcallwithheader" classname="com.httpGetTest.GetCallTest" time="0.201">
    <system-out><![CDATA[200
{"per_page":6,"total":12,"data":[{"last_name":"Lawson","id":7,"avatar":"https://reqres.in/img/faces/7-image.jpg","first_name":"Michael","email":"michael.lawson@reqres.in"},{"last_name":"Ferguson","id":8,"avatar":"https://reqres.in/img/faces/8-image.jpg","first_name":"Lindsay","email":"lindsay.ferguson@reqres.in"},{"last_name":"Funke","id":9,"avatar":"https://reqres.in/img/faces/9-image.jpg","first_name":"Tobias","email":"tobias.funke@reqres.in"},{"last_name":"Fields","id":10,"avatar":"https://reqres.in/img/faces/10-image.jpg","first_name":"Byron","email":"byron.fields@reqres.in"},{"last_name":"Edwards","id":11,"avatar":"https://reqres.in/img/faces/11-image.jpg","first_name":"George","email":"george.edwards@reqres.in"},{"last_name":"Howell","id":12,"avatar":"https://reqres.in/img/faces/12-image.jpg","first_name":"Rachel","email":"rachel.howell@reqres.in"}],"page":2,"total_pages":2,"support":{"text":"To keep ReqRes free, contributions towards server costs are appreciated!","url":"https://reqres.in/#support-heading"}}
Headers are------>Date and Wed, 25 Jan 2023 00:37:03 GMT
Headers are------>Content-Type and application/json; charset=utf-8
Headers are------>Transfer-Encoding and chunked
Headers are------>Connection and keep-alive
Headers are------>X-Powered-By and Express
Headers are------>Access-Control-Allow-Origin and *
Headers are------>Etag and W/"406-ut0vzoCuidvyMf8arZpMpJ6ZRDw"
Headers are------>Via and 1.1 vegur
Headers are------>Cache-Control and max-age=14400
Headers are------>CF-Cache-Status and HIT
Headers are------>Age and 1882
Headers are------>Report-To and {"endpoints":[{"url":"https:\/\/a.nel.cloudflare.com\/report\/v3?s=DcfrUTzGeHQ1W8D6W0p85II%2BUJ5NUhEuBIqP7CBB1UZRUnvyr2IlaVLw98vB6mau94XycwH3QAKMPup0BET2P6PC7yUG45urf5gwjZw8CLG5RR2zQr%2FARyHZbQ%3D%3D"}],"group":"cf-nel","max_age":604800}
Headers are------>NEL and {"success_fraction":0,"report_to":"cf-nel","max_age":604800}
Headers are------>Vary and Accept-Encoding
Headers are------>Server and cloudflare
Headers are------>CF-RAY and 78ecf029fd4a1809-EWR
]]></system-out>
  </testcase>
  <testcase name="postcall" classname="com.httpGetTest.GetCallTest" time="0.902">
    <failure message="Attempted read from closed stream." type="java.io.IOException"><![CDATA[java.io.IOException: Attempted read from closed stream.
	at org.apache.http.impl.io.ContentLengthInputStream.read(ContentLengthInputStream.java:165)
	at org.apache.http.conn.EofSensorInputStream.read(EofSensorInputStream.java:135)
	at java.base/sun.nio.cs.StreamDecoder.readBytes(StreamDecoder.java:297)
	at java.base/sun.nio.cs.StreamDecoder.implRead(StreamDecoder.java:339)
	at java.base/sun.nio.cs.StreamDecoder.read(StreamDecoder.java:188)
	at java.base/java.io.InputStreamReader.read(InputStreamReader.java:181)
	at java.base/java.io.Reader.read(Reader.java:229)
	at org.apache.http.util.EntityUtils.toString(EntityUtils.java:227)
	at org.apache.http.util.EntityUtils.toString(EntityUtils.java:270)
	at org.apache.http.util.EntityUtils.toString(EntityUtils.java:290)
	at com.httpGet.PostCall.responsebody(PostCall.java:52)
	at com.httpGetTest.GetCallTest.postcall(GetCallTest.java:41)
	at java.base/jdk.internal.reflect.NativeMethodAccessorImpl.invoke0(Native Method)
	at java.base/jdk.internal.reflect.NativeMethodAccessorImpl.invoke(NativeMethodAccessorImpl.java:62)
	at java.base/jdk.internal.reflect.DelegatingMethodAccessorImpl.invoke(DelegatingMethodAccessorImpl.java:43)
	at java.base/java.lang.reflect.Method.invoke(Method.java:564)
	at org.testng.internal.MethodInvocationHelper.invokeMethod(MethodInvocationHelper.java:80)
	at org.testng.internal.Invoker.invokeMethod(Invoker.java:714)
	at org.testng.internal.Invoker.invokeTestMethod(Invoker.java:901)
	at org.testng.internal.Invoker.invokeTestMethods(Invoker.java:1231)
	at org.testng.internal.TestMethodWorker.invokeTestMethods(TestMethodWorker.java:127)
	at org.testng.internal.TestMethodWorker.run(TestMethodWorker.java:111)
	at org.testng.TestRunner.privateRun(TestRunner.java:767)
	at org.testng.TestRunner.run(TestRunner.java:617)
	at org.testng.SuiteRunner.runTest(SuiteRunner.java:334)
	at org.testng.SuiteRunner.runSequentially(SuiteRunner.java:329)
	at org.testng.SuiteRunner.privateRun(SuiteRunner.java:291)
	at org.testng.SuiteRunner.run(SuiteRunner.java:240)
	at org.testng.SuiteRunnerWorker.runSuite(SuiteRunnerWorker.java:52)
	at org.testng.SuiteRunnerWorker.run(SuiteRunnerWorker.java:86)
	at org.testng.TestNG.runSuitesSequentially(TestNG.java:1198)
	at org.testng.TestNG.runSuitesLocally(TestNG.java:1123)
	at org.testng.TestNG.run(TestNG.java:1031)
	at org.apache.maven.surefire.testng.TestNGExecutor.run(TestNGExecutor.java:324)
	at org.apache.maven.surefire.testng.TestNGXmlTestSuite.execute(TestNGXmlTestSuite.java:74)
	at org.apache.maven.surefire.testng.TestNGProvider.invoke(TestNGProvider.java:123)
	at org.apache.maven.surefire.booter.ForkedBooter.runSuitesInProcess(ForkedBooter.java:456)
	at org.apache.maven.surefire.booter.ForkedBooter.execute(ForkedBooter.java:169)
	at org.apache.maven.surefire.booter.ForkedBooter.run(ForkedBooter.java:595)
	at org.apache.maven.surefire.booter.ForkedBooter.main(ForkedBooter.java:581)
]]></failure>
    <system-out><![CDATA[{"name":"Arshveer123","job":"Engineer","id":null,"createdAt":null}
201
{"createdAt":"2023-01-25T00:37:04.530Z","name":"Arshveer123","id":"748","job":"Engineer"}
Headers are------>Date and Wed, 25 Jan 2023 00:37:04 GMT
Headers are------>Content-Type and application/json; charset=utf-8
Headers are------>Content-Length and 89
Headers are------>Connection and keep-alive
Headers are------>X-Powered-By and Express
Headers are------>Access-Control-Allow-Origin and *
Headers are------>Etag and W/"59-PGLtos1vtfMP7DgeQaGbFl7GpwI"
Headers are------>Via and 1.1 vegur
Headers are------>CF-Cache-Status and DYNAMIC
Headers are------>Report-To and {"endpoints":[{"url":"https:\/\/a.nel.cloudflare.com\/report\/v3?s=KYzr59cgN6kOFXFxPNcHZUsXbDzQD37kGdOyrCWE0Wc3zxnKYdPQmQWIENUQpR2YAe76iIUHI5up61AE9aI%2BzNOyYQbgoU1PzpfgstcK2S0fnMBiICPUHA0bog%3D%3D"}],"group":"cf-nel","max_age":604800}
Headers are------>NEL and {"success_fraction":0,"report_to":"cf-nel","max_age":604800}
Headers are------>Server and cloudflare
Headers are------>CF-RAY and 78ecf02e5bcf1912-EWR
]]></system-out>
  </testcase>
</testsuite>